INFO [2024-12-10 16:21:57] $x
INFO [2024-12-10 16:21:57] list(Montipora_capitata = Montipora_capitata_HIv3.genes.pep_orthogroups, 
INFO [2024-12-10 16:21:57]     Pocillopora_acuta = Pocillopora_acuta_HIv2.genes.pep_orthogroups, 
INFO [2024-12-10 16:21:57]     Spis = Spis.genome.annotation.pep.longest_orthogroups)
INFO [2024-12-10 16:21:57] 
INFO [2024-12-10 16:21:57] $category.names
INFO [2024-12-10 16:21:57] c(expression(atop(italic("Montipora capitata"), plain(19999))), 
INFO [2024-12-10 16:21:57]     expression(atop(italic("Pocillopora acuta"), plain(18372))), 
INFO [2024-12-10 16:21:57]     expression(atop(italic("Stylophora pistillata"), plain(16043))))
INFO [2024-12-10 16:21:57] 
INFO [2024-12-10 16:21:57] $filename
INFO [2024-12-10 16:21:57] [1] "venn_diagram_coral_species.png"
INFO [2024-12-10 16:21:57] 
INFO [2024-12-10 16:21:57] $output
INFO [2024-12-10 16:21:57] [1] TRUE
INFO [2024-12-10 16:21:57] 
INFO [2024-12-10 16:21:57] $imagetype
INFO [2024-12-10 16:21:57] [1] "png"
INFO [2024-12-10 16:21:57] 
INFO [2024-12-10 16:21:57] $scaled
INFO [2024-12-10 16:21:57] [1] FALSE
INFO [2024-12-10 16:21:57] 
INFO [2024-12-10 16:21:57] $col
INFO [2024-12-10 16:21:57] [1] "black"
INFO [2024-12-10 16:21:57] 
INFO [2024-12-10 16:21:57] $fill
INFO [2024-12-10 16:21:57] colors
INFO [2024-12-10 16:21:57] 
INFO [2024-12-10 16:21:57] $cat.col
INFO [2024-12-10 16:21:57] colors
INFO [2024-12-10 16:21:57] 
INFO [2024-12-10 16:21:57] $cat.cex
INFO [2024-12-10 16:21:57] [1] 0.95
INFO [2024-12-10 16:21:57] 
INFO [2024-12-10 16:21:57] $cat.dist
INFO [2024-12-10 16:21:57] [1] 0.35
INFO [2024-12-10 16:21:57] 
INFO [2024-12-10 16:21:57] $margin
INFO [2024-12-10 16:21:57] [1] 0.3
INFO [2024-12-10 16:21:57] 
INFO [2024-12-10 16:21:57] $euler.d
INFO [2024-12-10 16:21:57] [1] FALSE
INFO [2024-12-10 16:21:57] 
