INFO [2024-12-10 16:27:08] $x
INFO [2024-12-10 16:27:08] list(Montipora_capitata = Montipora_capitata_orthogroups, Pocillopora_acuta = Pocillopora_acuta_orthogroups, 
INFO [2024-12-10 16:27:08]     Stylophora_pistillata = Stylophora_pistillata_orthogroups)
INFO [2024-12-10 16:27:08] 
INFO [2024-12-10 16:27:08] $category.names
INFO [2024-12-10 16:27:08] c(expression(atop(italic("Montipora capitata"), plain(format(length_Montipora, 
INFO [2024-12-10 16:27:08]     big.mark = ",")))), expression(atop(italic("Pocillopora acuta"), 
INFO [2024-12-10 16:27:08]     plain(format(length_Pocillopora, big.mark = ",")))), expression(atop(italic("Stylophora pistillata"), 
INFO [2024-12-10 16:27:08]     plain(format(length_Stylophora, big.mark = ",")))))
INFO [2024-12-10 16:27:08] 
INFO [2024-12-10 16:27:08] $filename
INFO [2024-12-10 16:27:08] [1] "venn_diagram_mod.png"
INFO [2024-12-10 16:27:08] 
INFO [2024-12-10 16:27:08] $output
INFO [2024-12-10 16:27:08] [1] TRUE
INFO [2024-12-10 16:27:08] 
INFO [2024-12-10 16:27:08] $imagetype
INFO [2024-12-10 16:27:08] [1] "png"
INFO [2024-12-10 16:27:08] 
INFO [2024-12-10 16:27:08] $scaled
INFO [2024-12-10 16:27:08] [1] FALSE
INFO [2024-12-10 16:27:08] 
INFO [2024-12-10 16:27:08] $col
INFO [2024-12-10 16:27:08] [1] "black"
INFO [2024-12-10 16:27:08] 
INFO [2024-12-10 16:27:08] $fill
INFO [2024-12-10 16:27:08] colors
INFO [2024-12-10 16:27:08] 
INFO [2024-12-10 16:27:08] $cat.col
INFO [2024-12-10 16:27:08] colors
INFO [2024-12-10 16:27:08] 
INFO [2024-12-10 16:27:08] $cat.cex
INFO [2024-12-10 16:27:08] [1] 0.95
INFO [2024-12-10 16:27:08] 
INFO [2024-12-10 16:27:08] $cat.dist
INFO [2024-12-10 16:27:08] [1] 0.35
INFO [2024-12-10 16:27:08] 
INFO [2024-12-10 16:27:08] $margin
INFO [2024-12-10 16:27:08] [1] 0.3
INFO [2024-12-10 16:27:08] 
INFO [2024-12-10 16:27:08] $euler.d
INFO [2024-12-10 16:27:08] [1] FALSE
INFO [2024-12-10 16:27:08] 
