INFO [2024-12-10 16:22:21] $x
INFO [2024-12-10 16:22:21] list(Montipora_capitata = Montipora_capitata_orthogroups, Pocillopora_acuta = Pocillopora_acuta_orthogroups, 
INFO [2024-12-10 16:22:21]     Stylophora_pistillata = Stylophora_pistillata_orthogroups)
INFO [2024-12-10 16:22:21] 
INFO [2024-12-10 16:22:21] $category.names
INFO [2024-12-10 16:22:21] c(expression(atop(italic("Montipora capitata"), plain(format(length_Montipora, 
INFO [2024-12-10 16:22:21]     big.mark = ",")))), expression(atop(italic("Pocillopora acuta"), 
INFO [2024-12-10 16:22:21]     plain(format(length_Pocillopora, big.mark = ",")))), expression(atop(italic("Stylophora pistillata"), 
INFO [2024-12-10 16:22:21]     plain(format(length_Stylophora, big.mark = ",")))))
INFO [2024-12-10 16:22:21] 
INFO [2024-12-10 16:22:21] $filename
INFO [2024-12-10 16:22:21] [1] "venn_diagram_mod.png"
INFO [2024-12-10 16:22:21] 
INFO [2024-12-10 16:22:21] $output
INFO [2024-12-10 16:22:21] [1] TRUE
INFO [2024-12-10 16:22:21] 
INFO [2024-12-10 16:22:21] $imagetype
INFO [2024-12-10 16:22:21] [1] "png"
INFO [2024-12-10 16:22:21] 
INFO [2024-12-10 16:22:21] $scaled
INFO [2024-12-10 16:22:21] [1] FALSE
INFO [2024-12-10 16:22:21] 
INFO [2024-12-10 16:22:21] $col
INFO [2024-12-10 16:22:21] [1] "black"
INFO [2024-12-10 16:22:21] 
INFO [2024-12-10 16:22:21] $fill
INFO [2024-12-10 16:22:21] colors
INFO [2024-12-10 16:22:21] 
INFO [2024-12-10 16:22:21] $cat.col
INFO [2024-12-10 16:22:21] colors
INFO [2024-12-10 16:22:21] 
INFO [2024-12-10 16:22:21] $cat.cex
INFO [2024-12-10 16:22:21] [1] 0.95
INFO [2024-12-10 16:22:21] 
INFO [2024-12-10 16:22:21] $cat.dist
INFO [2024-12-10 16:22:21] [1] 0.35
INFO [2024-12-10 16:22:21] 
INFO [2024-12-10 16:22:21] $margin
INFO [2024-12-10 16:22:21] [1] 0.3
INFO [2024-12-10 16:22:21] 
INFO [2024-12-10 16:22:21] $euler.d
INFO [2024-12-10 16:22:21] [1] FALSE
INFO [2024-12-10 16:22:21] 
