INFO [2024-12-11 11:34:39] $x
INFO [2024-12-11 11:34:39] list(Montipora_capitata = Montipora_capitata_orthogroups, Pocillopora_acuta = Pocillopora_acuta_orthogroups, 
INFO [2024-12-11 11:34:39]     Stylophora_pistillata = Stylophora_pistillata_orthogroups)
INFO [2024-12-11 11:34:39] 
INFO [2024-12-11 11:34:39] $category.names
INFO [2024-12-11 11:34:39] c(expression(atop(italic("Montipora capitata"), plain(format(length_Montipora, 
INFO [2024-12-11 11:34:39]     big.mark = ",")))), expression(atop(italic("Pocillopora acuta"), 
INFO [2024-12-11 11:34:39]     plain(format(length_Pocillopora, big.mark = ",")))), expression(atop(italic("Stylophora pistillata"), 
INFO [2024-12-11 11:34:39]     plain(format(length_Stylophora, big.mark = ",")))))
INFO [2024-12-11 11:34:39] 
INFO [2024-12-11 11:34:39] $filename
INFO [2024-12-11 11:34:39] [1] "venn_diagram_mod.png"
INFO [2024-12-11 11:34:39] 
INFO [2024-12-11 11:34:39] $output
INFO [2024-12-11 11:34:39] [1] TRUE
INFO [2024-12-11 11:34:39] 
INFO [2024-12-11 11:34:39] $imagetype
INFO [2024-12-11 11:34:39] [1] "png"
INFO [2024-12-11 11:34:39] 
INFO [2024-12-11 11:34:39] $scaled
INFO [2024-12-11 11:34:39] [1] FALSE
INFO [2024-12-11 11:34:39] 
INFO [2024-12-11 11:34:39] $col
INFO [2024-12-11 11:34:39] [1] "black"
INFO [2024-12-11 11:34:39] 
INFO [2024-12-11 11:34:39] $fill
INFO [2024-12-11 11:34:39] colors
INFO [2024-12-11 11:34:39] 
INFO [2024-12-11 11:34:39] $cat.col
INFO [2024-12-11 11:34:39] colors
INFO [2024-12-11 11:34:39] 
INFO [2024-12-11 11:34:39] $cat.cex
INFO [2024-12-11 11:34:39] [1] 0.95
INFO [2024-12-11 11:34:39] 
INFO [2024-12-11 11:34:39] $cat.dist
INFO [2024-12-11 11:34:39] [1] 0.35
INFO [2024-12-11 11:34:39] 
INFO [2024-12-11 11:34:39] $margin
INFO [2024-12-11 11:34:39] [1] 0.3
INFO [2024-12-11 11:34:39] 
INFO [2024-12-11 11:34:39] $euler.d
INFO [2024-12-11 11:34:39] [1] FALSE
INFO [2024-12-11 11:34:39] 
