INFO [2025-04-07 16:13:05] $x
INFO [2025-04-07 16:13:05] list(Montipora_capitata = Montipora_capitata_HIv3.genes.pep_orthogroups, 
INFO [2025-04-07 16:13:05]     Pocillopora_acuta = Pocillopora_acuta_HIv2.genes.pep_orthogroups, 
INFO [2025-04-07 16:13:05]     Acropora_tenuis = Acropora_tenuis_0.11.maker_post_001.proteins_orthogroups, 
INFO [2025-04-07 16:13:05]     Stylophora_pistillata = Spis.genome.annotation.pep.longest_orthogroups)
INFO [2025-04-07 16:13:05] 
INFO [2025-04-07 16:13:05] $category.names
INFO [2025-04-07 16:13:05] c(expression(atop(italic("Montipora capitata"), plain(16410))), 
INFO [2025-04-07 16:13:05]     expression(atop(italic("Pocillopora acuta"), plain(15456))), 
INFO [2025-04-07 16:13:05]     expression(atop(italic("Acropora tenuis"), plain(13324))), 
INFO [2025-04-07 16:13:05]     expression(atop(italic("Stylophora pistillata"), plain(13666))))
INFO [2025-04-07 16:13:05] 
INFO [2025-04-07 16:13:05] $filename
INFO [2025-04-07 16:13:05] [1] "venn_diagram_coral_species.png"
INFO [2025-04-07 16:13:05] 
INFO [2025-04-07 16:13:05] $output
INFO [2025-04-07 16:13:05] [1] TRUE
INFO [2025-04-07 16:13:05] 
INFO [2025-04-07 16:13:05] $imagetype
INFO [2025-04-07 16:13:05] [1] "png"
INFO [2025-04-07 16:13:05] 
INFO [2025-04-07 16:13:05] $scaled
INFO [2025-04-07 16:13:05] [1] FALSE
INFO [2025-04-07 16:13:05] 
INFO [2025-04-07 16:13:05] $col
INFO [2025-04-07 16:13:05] [1] "black"
INFO [2025-04-07 16:13:05] 
INFO [2025-04-07 16:13:05] $fill
INFO [2025-04-07 16:13:05] colors
INFO [2025-04-07 16:13:05] 
INFO [2025-04-07 16:13:05] $cat.col
INFO [2025-04-07 16:13:05] colors
INFO [2025-04-07 16:13:05] 
INFO [2025-04-07 16:13:05] $cat.cex
INFO [2025-04-07 16:13:05] [1] 0.95
INFO [2025-04-07 16:13:05] 
INFO [2025-04-07 16:13:05] $cat.dist
INFO [2025-04-07 16:13:05] [1] 0.35
INFO [2025-04-07 16:13:05] 
INFO [2025-04-07 16:13:05] $margin
INFO [2025-04-07 16:13:05] [1] 0.3
INFO [2025-04-07 16:13:05] 
INFO [2025-04-07 16:13:05] $euler.d
INFO [2025-04-07 16:13:05] [1] FALSE
INFO [2025-04-07 16:13:05] 
