INFO [2025-04-07 16:24:32] $x
INFO [2025-04-07 16:24:32] list(Montipora_capitata = Montipora_capitata_HIv3.genes.pep_orthogroups, 
INFO [2025-04-07 16:24:32]     Pocillopora_acuta = Pocillopora_acuta_HIv2.genes.pep_orthogroups, 
INFO [2025-04-07 16:24:32]     Acropora_tenuis = Acropora_tenuis_0.11.maker_post_001.proteins_orthogroups, 
INFO [2025-04-07 16:24:32]     Stylophora_pistillata = Spis.genome.annotation.pep.longest_orthogroups)
INFO [2025-04-07 16:24:32] 
INFO [2025-04-07 16:24:32] $category.names
INFO [2025-04-07 16:24:32] c(expression(atop(italic("Montipora capitata"), plain(16410))), 
INFO [2025-04-07 16:24:32]     expression(atop(italic("Pocillopora acuta"), plain(15456))), 
INFO [2025-04-07 16:24:32]     expression(atop(italic("Acropora tenuis"), plain(13324))), 
INFO [2025-04-07 16:24:32]     expression(atop(italic("Stylophora pistillata"), plain(13666))))
INFO [2025-04-07 16:24:32] 
INFO [2025-04-07 16:24:32] $filename
INFO [2025-04-07 16:24:32] [1] "venn_diagram_coral_species_cb_trial.png"
INFO [2025-04-07 16:24:32] 
INFO [2025-04-07 16:24:32] $output
INFO [2025-04-07 16:24:32] [1] TRUE
INFO [2025-04-07 16:24:32] 
INFO [2025-04-07 16:24:32] $imagetype
INFO [2025-04-07 16:24:32] [1] "png"
INFO [2025-04-07 16:24:32] 
INFO [2025-04-07 16:24:32] $scaled
INFO [2025-04-07 16:24:32] [1] FALSE
INFO [2025-04-07 16:24:32] 
INFO [2025-04-07 16:24:32] $col
INFO [2025-04-07 16:24:32] [1] "black"
INFO [2025-04-07 16:24:32] 
INFO [2025-04-07 16:24:32] $fill
INFO [2025-04-07 16:24:32] cb_palette
INFO [2025-04-07 16:24:32] 
INFO [2025-04-07 16:24:32] $cat.col
INFO [2025-04-07 16:24:32] cb_palette
INFO [2025-04-07 16:24:32] 
INFO [2025-04-07 16:24:32] $cat.cex
INFO [2025-04-07 16:24:32] [1] 0.95
INFO [2025-04-07 16:24:32] 
INFO [2025-04-07 16:24:32] $cat.dist
INFO [2025-04-07 16:24:32] c(0.3, 0.3, 0.35, 0.35)
INFO [2025-04-07 16:24:32] 
INFO [2025-04-07 16:24:32] $cat.pos
INFO [2025-04-07 16:24:32] c(-15, 10, -15, 10)
INFO [2025-04-07 16:24:32] 
INFO [2025-04-07 16:24:32] $margin
INFO [2025-04-07 16:24:32] [1] 0.3
INFO [2025-04-07 16:24:32] 
INFO [2025-04-07 16:24:32] $euler.d
INFO [2025-04-07 16:24:32] [1] FALSE
INFO [2025-04-07 16:24:32] 
