INFO [2025-04-07 15:19:08] $x
INFO [2025-04-07 15:19:08] list(Montipora_capitata = Montipora_capitata_HIv3.genes.pep_orthogroups, 
INFO [2025-04-07 15:19:08]     Pocillopora_acuta = Pocillopora_acuta_HIv2.genes.pep_orthogroups, 
INFO [2025-04-07 15:19:08]     Stylophora_pistillata = Spis.genome.annotation.pep.longest_orthogroups, 
INFO [2025-04-07 15:19:08]     Acropora_tenuis = Acropora_tenuis_0.11.maker_post_001.proteins_orthogroups)
INFO [2025-04-07 15:19:08] 
INFO [2025-04-07 15:19:08] $category.names
INFO [2025-04-07 15:19:08] c(expression(atop(italic("Montipora capitata"), plain(16410))), 
INFO [2025-04-07 15:19:08]     expression(atop(italic("Pocillopora acuta"), plain(15456))), 
INFO [2025-04-07 15:19:08]     expression(atop(italic("Stylophora pistillata"), plain(13666))), 
INFO [2025-04-07 15:19:08]     expression(atop(italic("Acropora tenuis"), plain(13324))))
INFO [2025-04-07 15:19:08] 
INFO [2025-04-07 15:19:08] $filename
INFO [2025-04-07 15:19:08] [1] "venn_diagram_coral_species.png"
INFO [2025-04-07 15:19:08] 
INFO [2025-04-07 15:19:08] $output
INFO [2025-04-07 15:19:08] [1] TRUE
INFO [2025-04-07 15:19:08] 
INFO [2025-04-07 15:19:08] $imagetype
INFO [2025-04-07 15:19:08] [1] "png"
INFO [2025-04-07 15:19:08] 
INFO [2025-04-07 15:19:08] $scaled
INFO [2025-04-07 15:19:08] [1] FALSE
INFO [2025-04-07 15:19:08] 
INFO [2025-04-07 15:19:08] $col
INFO [2025-04-07 15:19:08] [1] "black"
INFO [2025-04-07 15:19:08] 
INFO [2025-04-07 15:19:08] $fill
INFO [2025-04-07 15:19:08] colors
INFO [2025-04-07 15:19:08] 
INFO [2025-04-07 15:19:08] $cat.col
INFO [2025-04-07 15:19:08] colors
INFO [2025-04-07 15:19:08] 
INFO [2025-04-07 15:19:08] $cat.cex
INFO [2025-04-07 15:19:08] [1] 0.95
INFO [2025-04-07 15:19:08] 
INFO [2025-04-07 15:19:08] $cat.dist
INFO [2025-04-07 15:19:08] [1] 0.35
INFO [2025-04-07 15:19:08] 
INFO [2025-04-07 15:19:08] $margin
INFO [2025-04-07 15:19:08] [1] 0.3
INFO [2025-04-07 15:19:08] 
INFO [2025-04-07 15:19:08] $euler.d
INFO [2025-04-07 15:19:08] [1] FALSE
INFO [2025-04-07 15:19:08] 
