INFO [2025-04-07 16:15:54] $x
INFO [2025-04-07 16:15:54] list(Montipora_capitata = Montipora_capitata_HIv3.genes.pep_orthogroups, 
INFO [2025-04-07 16:15:54]     Pocillopora_acuta = Pocillopora_acuta_HIv2.genes.pep_orthogroups, 
INFO [2025-04-07 16:15:54]     Acropora_tenuis = Acropora_tenuis_0.11.maker_post_001.proteins_orthogroups, 
INFO [2025-04-07 16:15:54]     Stylophora_pistillata = Spis.genome.annotation.pep.longest_orthogroups)
INFO [2025-04-07 16:15:54] 
INFO [2025-04-07 16:15:54] $category.names
INFO [2025-04-07 16:15:54] c(expression(atop(italic("Montipora capitata"), plain(16410))), 
INFO [2025-04-07 16:15:54]     expression(atop(italic("Pocillopora acuta"), plain(15456))), 
INFO [2025-04-07 16:15:54]     expression(atop(italic("Acropora tenuis"), plain(13324))), 
INFO [2025-04-07 16:15:54]     expression(atop(italic("Stylophora pistillata"), plain(13666))))
INFO [2025-04-07 16:15:54] 
INFO [2025-04-07 16:15:54] $filename
INFO [2025-04-07 16:15:54] [1] "venn_diagram_coral_species.png"
INFO [2025-04-07 16:15:54] 
INFO [2025-04-07 16:15:54] $output
INFO [2025-04-07 16:15:54] [1] TRUE
INFO [2025-04-07 16:15:54] 
INFO [2025-04-07 16:15:54] $imagetype
INFO [2025-04-07 16:15:54] [1] "png"
INFO [2025-04-07 16:15:54] 
INFO [2025-04-07 16:15:54] $scaled
INFO [2025-04-07 16:15:54] [1] FALSE
INFO [2025-04-07 16:15:54] 
INFO [2025-04-07 16:15:54] $col
INFO [2025-04-07 16:15:54] [1] "black"
INFO [2025-04-07 16:15:54] 
INFO [2025-04-07 16:15:54] $fill
INFO [2025-04-07 16:15:54] colors
INFO [2025-04-07 16:15:54] 
INFO [2025-04-07 16:15:54] $cat.col
INFO [2025-04-07 16:15:54] colors
INFO [2025-04-07 16:15:54] 
INFO [2025-04-07 16:15:54] $cat.cex
INFO [2025-04-07 16:15:54] [1] 0.95
INFO [2025-04-07 16:15:54] 
INFO [2025-04-07 16:15:54] $cat.dist
INFO [2025-04-07 16:15:54] [1] 0.35
INFO [2025-04-07 16:15:54] 
INFO [2025-04-07 16:15:54] $margin
INFO [2025-04-07 16:15:54] [1] 0.3
INFO [2025-04-07 16:15:54] 
INFO [2025-04-07 16:15:54] $euler.d
INFO [2025-04-07 16:15:54] [1] FALSE
INFO [2025-04-07 16:15:54] 
