INFO [2025-04-07 16:44:26] $x
INFO [2025-04-07 16:44:26] list(Montipora_capitata = Montipora_capitata_HIv3.genes.pep_orthogroups, 
INFO [2025-04-07 16:44:26]     Pocillopora_acuta = Pocillopora_acuta_HIv2.genes.pep_orthogroups, 
INFO [2025-04-07 16:44:26]     Acropora_tenuis = Acropora_tenuis_0.11.maker_post_001.proteins_orthogroups, 
INFO [2025-04-07 16:44:26]     Stylophora_pistillata = Spis.genome.annotation.pep.longest_orthogroups)
INFO [2025-04-07 16:44:26] 
INFO [2025-04-07 16:44:26] $category.names
INFO [2025-04-07 16:44:26] c(expression(atop(italic("Montipora capitata"), plain(16410))), 
INFO [2025-04-07 16:44:26]     expression(atop(italic("Pocillopora acuta"), plain(15456))), 
INFO [2025-04-07 16:44:26]     expression(atop(italic("Acropora tenuis"), plain(13324))), 
INFO [2025-04-07 16:44:26]     expression(atop(italic("Stylophora pistillata"), plain(13666))))
INFO [2025-04-07 16:44:26] 
INFO [2025-04-07 16:44:26] $filename
INFO [2025-04-07 16:44:26] [1] "venn_diagram_coral_species_cb_trial.png"
INFO [2025-04-07 16:44:26] 
INFO [2025-04-07 16:44:26] $output
INFO [2025-04-07 16:44:26] [1] TRUE
INFO [2025-04-07 16:44:26] 
INFO [2025-04-07 16:44:26] $imagetype
INFO [2025-04-07 16:44:26] [1] "png"
INFO [2025-04-07 16:44:26] 
INFO [2025-04-07 16:44:26] $scaled
INFO [2025-04-07 16:44:26] [1] FALSE
INFO [2025-04-07 16:44:26] 
INFO [2025-04-07 16:44:26] $col
INFO [2025-04-07 16:44:26] [1] "black"
INFO [2025-04-07 16:44:26] 
INFO [2025-04-07 16:44:26] $fill
INFO [2025-04-07 16:44:26] cb_palette
INFO [2025-04-07 16:44:26] 
INFO [2025-04-07 16:44:26] $cat.col
INFO [2025-04-07 16:44:26] cb_palette
INFO [2025-04-07 16:44:26] 
INFO [2025-04-07 16:44:26] $cat.cex
INFO [2025-04-07 16:44:26] [1] 0.95
INFO [2025-04-07 16:44:26] 
INFO [2025-04-07 16:44:26] $cat.dist
INFO [2025-04-07 16:44:26] c(0.3, 0.3, 0.35, 0.35)
INFO [2025-04-07 16:44:26] 
INFO [2025-04-07 16:44:26] $cat.pos
INFO [2025-04-07 16:44:26] c(-15, 10, -15, 10)
INFO [2025-04-07 16:44:26] 
INFO [2025-04-07 16:44:26] $margin
INFO [2025-04-07 16:44:26] [1] 0.3
INFO [2025-04-07 16:44:26] 
INFO [2025-04-07 16:44:26] $euler.d
INFO [2025-04-07 16:44:26] [1] FALSE
INFO [2025-04-07 16:44:26] 
